Traceback (most recent call last):
  File "/usr/share/miniconda3/envs/qe-example/lib/python3.7/site-packages/jupyter_cache/executors/basic.py", line 163, in execute
    executenb(nb_bundle.nb, cwd=tmpdirname, timeout=timeout)
  File "/usr/share/miniconda3/envs/qe-example/lib/python3.7/site-packages/nbconvert/preprocessors/execute.py", line 737, in executenb
    return ep.preprocess(nb, resources, km=km)[0]
  File "/usr/share/miniconda3/envs/qe-example/lib/python3.7/site-packages/nbconvert/preprocessors/execute.py", line 405, in preprocess
    nb, resources = super(ExecutePreprocessor, self).preprocess(nb, resources)
  File "/usr/share/miniconda3/envs/qe-example/lib/python3.7/site-packages/nbconvert/preprocessors/base.py", line 69, in preprocess
    nb.cells[index], resources = self.preprocess_cell(cell, resources, index)
  File "/usr/share/miniconda3/envs/qe-example/lib/python3.7/site-packages/nbconvert/preprocessors/execute.py", line 448, in preprocess_cell
    raise CellExecutionError.from_cell_and_msg(cell, out)
nbconvert.preprocessors.execute.CellExecutionError: An error occurred while executing the following cell:
------------------
def read_data(ticker_list,
          start=dt.datetime(2019, 1, 2),
          end=dt.datetime(2019, 12, 31)): 
    """
    This function reads in closing price data from Yahoo 
    for each tick in the ticker_list.
    """
    ticker = pd.DataFrame()

    for tick in ticker_list:
        prices = data.DataReader(tick, 'yahoo', start, end)
        closing_prices = prices['Close']
        ticker[tick] = closing_prices

    return ticker

ticker = read_data(ticker_list)
------------------

[0;31m---------------------------------------------------------------------------[0m
[0;31mKeyError[0m                                  Traceback (most recent call last)
[0;32m/usr/share/miniconda3/envs/qe-example/lib/python3.7/site-packages/pandas/core/indexes/base.py[0m in [0;36mget_loc[0;34m(self, key, method, tolerance)[0m
[1;32m   2645[0m             [0;32mtry[0m[0;34m:[0m[0;34m[0m[0;34m[0m[0m
[0;32m-> 2646[0;31m                 [0;32mreturn[0m [0mself[0m[0;34m.[0m[0m_engine[0m[0;34m.[0m[0mget_loc[0m[0;34m([0m[0mkey[0m[0;34m)[0m[0;34m[0m[0;34m[0m[0m
[0m[1;32m   2647[0m             [0;32mexcept[0m [0mKeyError[0m[0;34m:[0m[0;34m[0m[0;34m[0m[0m

[0;32mpandas/_libs/index.pyx[0m in [0;36mpandas._libs.index.IndexEngine.get_loc[0;34m()[0m

[0;32mpandas/_libs/index.pyx[0m in [0;36mpandas._libs.index.IndexEngine.get_loc[0;34m()[0m

[0;32mpandas/_libs/hashtable_class_helper.pxi[0m in [0;36mpandas._libs.hashtable.PyObjectHashTable.get_item[0;34m()[0m

[0;32mpandas/_libs/hashtable_class_helper.pxi[0m in [0;36mpandas._libs.hashtable.PyObjectHashTable.get_item[0;34m()[0m

[0;31mKeyError[0m: 'Date'

During handling of the above exception, another exception occurred:

[0;31mKeyError[0m                                  Traceback (most recent call last)
[0;32m<ipython-input-37-e223f1b879d8>[0m in [0;36m<module>[0;34m[0m
[1;32m     15[0m     [0;32mreturn[0m [0mticker[0m[0;34m[0m[0;34m[0m[0m
[1;32m     16[0m [0;34m[0m[0m
[0;32m---> 17[0;31m [0mticker[0m [0;34m=[0m [0mread_data[0m[0;34m([0m[0mticker_list[0m[0;34m)[0m[0;34m[0m[0;34m[0m[0m
[0m
[0;32m<ipython-input-37-e223f1b879d8>[0m in [0;36mread_data[0;34m(ticker_list, start, end)[0m
[1;32m      9[0m [0;34m[0m[0m
[1;32m     10[0m     [0;32mfor[0m [0mtick[0m [0;32min[0m [0mticker_list[0m[0;34m:[0m[0;34m[0m[0;34m[0m[0m
[0;32m---> 11[0;31m         [0mprices[0m [0;34m=[0m [0mdata[0m[0;34m.[0m[0mDataReader[0m[0;34m([0m[0mtick[0m[0;34m,[0m [0;34m'yahoo'[0m[0;34m,[0m [0mstart[0m[0;34m,[0m [0mend[0m[0;34m)[0m[0;34m[0m[0;34m[0m[0m
[0m[1;32m     12[0m         [0mclosing_prices[0m [0;34m=[0m [0mprices[0m[0;34m[[0m[0;34m'Close'[0m[0;34m][0m[0;34m[0m[0;34m[0m[0m
[1;32m     13[0m         [0mticker[0m[0;34m[[0m[0mtick[0m[0;34m][0m [0;34m=[0m [0mclosing_prices[0m[0;34m[0m[0;34m[0m[0m

[0;32m/usr/share/miniconda3/envs/qe-example/lib/python3.7/site-packages/pandas/util/_decorators.py[0m in [0;36mwrapper[0;34m(*args, **kwargs)[0m
[1;32m    212[0m                 [0;32melse[0m[0;34m:[0m[0;34m[0m[0;34m[0m[0m
[1;32m    213[0m                     [0mkwargs[0m[0;34m[[0m[0mnew_arg_name[0m[0;34m][0m [0;34m=[0m [0mnew_arg_value[0m[0;34m[0m[0;34m[0m[0m
[0;32m--> 214[0;31m             [0;32mreturn[0m [0mfunc[0m[0;34m([0m[0;34m*[0m[0margs[0m[0;34m,[0m [0;34m**[0m[0mkwargs[0m[0;34m)[0m[0;34m[0m[0;34m[0m[0m
[0m[1;32m    215[0m [0;34m[0m[0m
[1;32m    216[0m         [0;32mreturn[0m [0mcast[0m[0;34m([0m[0mF[0m[0;34m,[0m [0mwrapper[0m[0;34m)[0m[0;34m[0m[0;34m[0m[0m

[0;32m/usr/share/miniconda3/envs/qe-example/lib/python3.7/site-packages/pandas_datareader/data.py[0m in [0;36mDataReader[0;34m(name, data_source, start, end, retry_count, pause, session, api_key)[0m
[1;32m    385[0m             [0mretry_count[0m[0;34m=[0m[0mretry_count[0m[0;34m,[0m[0;34m[0m[0;34m[0m[0m
[1;32m    386[0m             [0mpause[0m[0;34m=[0m[0mpause[0m[0;34m,[0m[0;34m[0m[0;34m[0m[0m
[0;32m--> 387[0;31m             [0msession[0m[0;34m=[0m[0msession[0m[0;34m,[0m[0;34m[0m[0;34m[0m[0m
[0m[1;32m    388[0m         ).read()
[1;32m    389[0m [0;34m[0m[0m

[0;32m/usr/share/miniconda3/envs/qe-example/lib/python3.7/site-packages/pandas_datareader/base.py[0m in [0;36mread[0;34m(self)[0m
[1;32m    249[0m         [0;31m# If a single symbol, (e.g., 'GOOG')[0m[0;34m[0m[0;34m[0m[0;34m[0m[0m
[1;32m    250[0m         [0;32mif[0m [0misinstance[0m[0;34m([0m[0mself[0m[0;34m.[0m[0msymbols[0m[0;34m,[0m [0;34m([0m[0mstring_types[0m[0;34m,[0m [0mint[0m[0;34m)[0m[0;34m)[0m[0;34m:[0m[0;34m[0m[0;34m[0m[0m
[0;32m--> 251[0;31m             [0mdf[0m [0;34m=[0m [0mself[0m[0;34m.[0m[0m_read_one_data[0m[0;34m([0m[0mself[0m[0;34m.[0m[0murl[0m[0;34m,[0m [0mparams[0m[0;34m=[0m[0mself[0m[0;34m.[0m[0m_get_params[0m[0;34m([0m[0mself[0m[0;34m.[0m[0msymbols[0m[0;34m)[0m[0;34m)[0m[0;34m[0m[0;34m[0m[0m
[0m[1;32m    252[0m         [0;31m# Or multiple symbols, (e.g., ['GOOG', 'AAPL', 'MSFT'])[0m[0;34m[0m[0;34m[0m[0;34m[0m[0m
[1;32m    253[0m         [0;32melif[0m [0misinstance[0m[0;34m([0m[0mself[0m[0;34m.[0m[0msymbols[0m[0;34m,[0m [0mDataFrame[0m[0;34m)[0m[0;34m:[0m[0;34m[0m[0;34m[0m[0m

[0;32m/usr/share/miniconda3/envs/qe-example/lib/python3.7/site-packages/pandas_datareader/yahoo/daily.py[0m in [0;36m_read_one_data[0;34m(self, url, params)[0m
[1;32m    163[0m         [0mprices[0m [0;34m=[0m [0mDataFrame[0m[0;34m([0m[0mdata[0m[0;34m[[0m[0;34m"prices"[0m[0;34m][0m[0;34m)[0m[0;34m[0m[0;34m[0m[0m
[1;32m    164[0m         [0mprices[0m[0;34m.[0m[0mcolumns[0m [0;34m=[0m [0;34m[[0m[0mcol[0m[0;34m.[0m[0mcapitalize[0m[0;34m([0m[0;34m)[0m [0;32mfor[0m [0mcol[0m [0;32min[0m [0mprices[0m[0;34m.[0m[0mcolumns[0m[0;34m][0m[0;34m[0m[0;34m[0m[0m
[0;32m--> 165[0;31m         [0mprices[0m[0;34m[[0m[0;34m"Date"[0m[0;34m][0m [0;34m=[0m [0mto_datetime[0m[0;34m([0m[0mto_datetime[0m[0;34m([0m[0mprices[0m[0;34m[[0m[0;34m"Date"[0m[0;34m][0m[0;34m,[0m [0munit[0m[0;34m=[0m[0;34m"s"[0m[0;34m)[0m[0;34m.[0m[0mdt[0m[0;34m.[0m[0mdate[0m[0;34m)[0m[0;34m[0m[0;34m[0m[0m
[0m[1;32m    166[0m [0;34m[0m[0m
[1;32m    167[0m         [0;32mif[0m [0;34m"Data"[0m [0;32min[0m [0mprices[0m[0;34m.[0m[0mcolumns[0m[0;34m:[0m[0;34m[0m[0;34m[0m[0m

[0;32m/usr/share/miniconda3/envs/qe-example/lib/python3.7/site-packages/pandas/core/frame.py[0m in [0;36m__getitem__[0;34m(self, key)[0m
[1;32m   2798[0m             [0;32mif[0m [0mself[0m[0;34m.[0m[0mcolumns[0m[0;34m.[0m[0mnlevels[0m [0;34m>[0m [0;36m1[0m[0;34m:[0m[0;34m[0m[0;34m[0m[0m
[1;32m   2799[0m                 [0;32mreturn[0m [0mself[0m[0;34m.[0m[0m_getitem_multilevel[0m[0;34m([0m[0mkey[0m[0;34m)[0m[0;34m[0m[0;34m[0m[0m
[0;32m-> 2800[0;31m             [0mindexer[0m [0;34m=[0m [0mself[0m[0;34m.[0m[0mcolumns[0m[0;34m.[0m[0mget_loc[0m[0;34m([0m[0mkey[0m[0;34m)[0m[0;34m[0m[0;34m[0m[0m
[0m[1;32m   2801[0m             [0;32mif[0m [0mis_integer[0m[0;34m([0m[0mindexer[0m[0;34m)[0m[0;34m:[0m[0;34m[0m[0;34m[0m[0m
[1;32m   2802[0m                 [0mindexer[0m [0;34m=[0m [0;34m[[0m[0mindexer[0m[0;34m][0m[0;34m[0m[0;34m[0m[0m

[0;32m/usr/share/miniconda3/envs/qe-example/lib/python3.7/site-packages/pandas/core/indexes/base.py[0m in [0;36mget_loc[0;34m(self, key, method, tolerance)[0m
[1;32m   2646[0m                 [0;32mreturn[0m [0mself[0m[0;34m.[0m[0m_engine[0m[0;34m.[0m[0mget_loc[0m[0;34m([0m[0mkey[0m[0;34m)[0m[0;34m[0m[0;34m[0m[0m
[1;32m   2647[0m             [0;32mexcept[0m [0mKeyError[0m[0;34m:[0m[0;34m[0m[0;34m[0m[0m
[0;32m-> 2648[0;31m                 [0;32mreturn[0m [0mself[0m[0;34m.[0m[0m_engine[0m[0;34m.[0m[0mget_loc[0m[0;34m([0m[0mself[0m[0;34m.[0m[0m_maybe_cast_indexer[0m[0;34m([0m[0mkey[0m[0;34m)[0m[0;34m)[0m[0;34m[0m[0;34m[0m[0m
[0m[1;32m   2649[0m         [0mindexer[0m [0;34m=[0m [0mself[0m[0;34m.[0m[0mget_indexer[0m[0;34m([0m[0;34m[[0m[0mkey[0m[0;34m][0m[0;34m,[0m [0mmethod[0m[0;34m=[0m[0mmethod[0m[0;34m,[0m [0mtolerance[0m[0;34m=[0m[0mtolerance[0m[0;34m)[0m[0;34m[0m[0;34m[0m[0m
[1;32m   2650[0m         [0;32mif[0m [0mindexer[0m[0;34m.[0m[0mndim[0m [0;34m>[0m [0;36m1[0m [0;32mor[0m [0mindexer[0m[0;34m.[0m[0msize[0m [0;34m>[0m [0;36m1[0m[0;34m:[0m[0;34m[0m[0;34m[0m[0m

[0;32mpandas/_libs/index.pyx[0m in [0;36mpandas._libs.index.IndexEngine.get_loc[0;34m()[0m

[0;32mpandas/_libs/index.pyx[0m in [0;36mpandas._libs.index.IndexEngine.get_loc[0;34m()[0m

[0;32mpandas/_libs/hashtable_class_helper.pxi[0m in [0;36mpandas._libs.hashtable.PyObjectHashTable.get_item[0;34m()[0m

[0;32mpandas/_libs/hashtable_class_helper.pxi[0m in [0;36mpandas._libs.hashtable.PyObjectHashTable.get_item[0;34m()[0m

[0;31mKeyError[0m: 'Date'
KeyError: 'Date'

